*** Starting uWSGI 2.0.19.1 (64bit) on [Tue May 25 07:24:35 2021] ***
compiled with version: 8.3.0 on 25 May 2021 07:22:11
os: Linux-5.10.25-linuxkit #1 SMP Tue Mar 23 09:27:39 UTC 2021
nodename: 4958ef0fcf1e
machine: x86_64
clock source: unix
pcre jit disabled
detected number of CPU cores: 4
current working directory: /var/www/html/myproject
writing pidfile to /tmp/myproject-master.pid
detected binary path: /usr/local/bin/uwsgi
chdir() to /var/www/html/myproject
your memory page size is 4096 bytes
detected max file descriptor number: 1048576
lock engine: pthread robust mutexes
thunder lock: disabled (you can enable it with --thunder-lock)
uwsgi socket 0 bound to TCP address 0.0.0.0:8000 fd 3
setgid() to 33
setuid() to 33
Python version: 3.8.10 (default, May 12 2021, 15:46:43)  [GCC 8.3.0]
*** Python threads support is disabled. You can enable it with --enable-threads ***
Python main interpreter initialized at 0x55d3dc0d9850
your server socket listen backlog is limited to 100 connections
your mercy for graceful operations on workers is 60 seconds
mapped 403077 bytes (393 KB) for 2 cores
*** Operational MODE: preforking ***
WSGI app 0 (mountpoint='') ready in 1 seconds on interpreter 0x55d3dc0d9850 pid: 30 (default app)
*** uWSGI is running in multiple interpreter mode ***
spawned uWSGI master process (pid: 30)
spawned uWSGI worker 1 (pid: 32, cores: 1)
spawned uWSGI worker 2 (pid: 33, cores: 1)
SIGINT/SIGQUIT received...killing workers...
worker 1 buried after 1 seconds
worker 2 buried after 1 seconds
goodbye to uWSGI.
*** Starting uWSGI 2.0.19.1 (64bit) on [Tue May 25 07:27:30 2021] ***
compiled with version: 8.3.0 on 25 May 2021 07:22:11
os: Linux-5.10.25-linuxkit #1 SMP Tue Mar 23 09:27:39 UTC 2021
nodename: 23e46fc53deb
machine: x86_64
clock source: unix
pcre jit disabled
detected number of CPU cores: 4
current working directory: /var/www/html/myproject
writing pidfile to /tmp/myproject-master.pid
detected binary path: /usr/local/bin/uwsgi
chdir() to /var/www/html/myproject
your memory page size is 4096 bytes
detected max file descriptor number: 1048576
lock engine: pthread robust mutexes
thunder lock: disabled (you can enable it with --thunder-lock)
uwsgi socket 0 bound to TCP address 0.0.0.0:8000 fd 3
setgid() to 33
setuid() to 33
Python version: 3.8.10 (default, May 12 2021, 15:46:43)  [GCC 8.3.0]
*** Python threads support is disabled. You can enable it with --enable-threads ***
Python main interpreter initialized at 0x56199f783850
your server socket listen backlog is limited to 100 connections
your mercy for graceful operations on workers is 60 seconds
mapped 403077 bytes (393 KB) for 2 cores
*** Operational MODE: preforking ***
WSGI app 0 (mountpoint='') ready in 1 seconds on interpreter 0x56199f783850 pid: 30 (default app)
*** uWSGI is running in multiple interpreter mode ***
spawned uWSGI master process (pid: 30)
spawned uWSGI worker 1 (pid: 32, cores: 1)
spawned uWSGI worker 2 (pid: 33, cores: 1)
SIGINT/SIGQUIT received...killing workers...
worker 1 buried after 1 seconds
worker 2 buried after 1 seconds
goodbye to uWSGI.
*** Starting uWSGI 2.0.19.1 (64bit) on [Tue May 25 07:30:15 2021] ***
compiled with version: 8.3.0 on 25 May 2021 07:29:29
os: Linux-5.10.25-linuxkit #1 SMP Tue Mar 23 09:27:39 UTC 2021
nodename: d1ac1b2ddc41
machine: x86_64
clock source: unix
pcre jit disabled
detected number of CPU cores: 4
current working directory: /var/www/html/myproject
writing pidfile to /tmp/myproject-master.pid
detected binary path: /usr/local/bin/uwsgi
chdir() to /var/www/html/myproject
your memory page size is 4096 bytes
detected max file descriptor number: 1048576
lock engine: pthread robust mutexes
thunder lock: disabled (you can enable it with --thunder-lock)
uwsgi socket 0 bound to TCP address 0.0.0.0:8000 fd 3
setgid() to 33
setuid() to 33
Python version: 3.8.10 (default, May 12 2021, 15:46:43)  [GCC 8.3.0]
*** Python threads support is disabled. You can enable it with --enable-threads ***
Python main interpreter initialized at 0x55779b323850
your server socket listen backlog is limited to 100 connections
your mercy for graceful operations on workers is 60 seconds
mapped 403077 bytes (393 KB) for 2 cores
*** Operational MODE: preforking ***
WSGI app 0 (mountpoint='') ready in 0 seconds on interpreter 0x55779b323850 pid: 16 (default app)
*** uWSGI is running in multiple interpreter mode ***
spawned uWSGI master process (pid: 16)
spawned uWSGI worker 1 (pid: 18, cores: 1)
spawned uWSGI worker 2 (pid: 19, cores: 1)
[pid: 19|app: 0|req: 1/1] 172.29.0.1 () {56 vars in 1205 bytes} [Tue May 25 07:30:23 2021] GET / => generated 179 bytes in 36 msecs (HTTP/1.1 404) 5 headers in 158 bytes (1 switches on core 0)
[pid: 19|app: 0|req: 2/2] 172.29.0.1 () {56 vars in 1154 bytes} [Tue May 25 07:30:23 2021] GET /favicon.ico => generated 179 bytes in 1 msecs (HTTP/1.1 404) 5 headers in 158 bytes (1 switches on core 0)
[pid: 19|app: 0|req: 3/3] 172.29.0.1 () {56 vars in 1205 bytes} [Tue May 25 07:30:24 2021] GET / => generated 179 bytes in 1 msecs (HTTP/1.1 404) 5 headers in 158 bytes (1 switches on core 0)
[pid: 19|app: 0|req: 4/4] 172.29.0.1 () {56 vars in 1205 bytes} [Tue May 25 07:30:24 2021] GET / => generated 179 bytes in 2 msecs (HTTP/1.1 404) 5 headers in 158 bytes (1 switches on core 0)
[pid: 19|app: 0|req: 5/5] 172.29.0.1 () {56 vars in 1205 bytes} [Tue May 25 07:30:25 2021] GET / => generated 179 bytes in 2 msecs (HTTP/1.1 404) 5 headers in 158 bytes (1 switches on core 0)
[pid: 18|app: 0|req: 1/6] 172.29.0.1 () {56 vars in 1205 bytes} [Tue May 25 07:30:25 2021] GET / => generated 179 bytes in 40 msecs (HTTP/1.1 404) 5 headers in 158 bytes (1 switches on core 0)
[pid: 18|app: 0|req: 2/7] 172.29.0.1 () {56 vars in 1205 bytes} [Tue May 25 07:30:35 2021] GET / => generated 179 bytes in 1 msecs (HTTP/1.1 404) 5 headers in 158 bytes (1 switches on core 0)
[pid: 19|app: 0|req: 6/8] 172.29.0.1 () {54 vars in 1174 bytes} [Tue May 25 07:31:27 2021] GET / => generated 179 bytes in 1 msecs (HTTP/1.1 404) 5 headers in 158 bytes (1 switches on core 0)
[pid: 19|app: 0|req: 7/9] 172.29.0.1 () {54 vars in 1174 bytes} [Tue May 25 07:36:26 2021] GET / => generated 179 bytes in 1 msecs (HTTP/1.1 404) 5 headers in 158 bytes (1 switches on core 0)
[pid: 19|app: 0|req: 8/10] 172.29.0.1 () {54 vars in 1184 bytes} [Tue May 25 07:36:30 2021] GET /admin => generated 0 bytes in 2 msecs (HTTP/1.1 301) 5 headers in 175 bytes (1 switches on core 0)
[pid: 18|app: 0|req: 3/11] 172.29.0.1 () {54 vars in 1186 bytes} [Tue May 25 07:36:30 2021] GET /admin/ => generated 0 bytes in 46 msecs (HTTP/1.1 302) 10 headers in 430 bytes (1 switches on core 0)
[pid: 18|app: 0|req: 4/12] 172.29.0.1 () {54 vars in 1179 bytes} [Tue May 25 07:36:30 2021] GET /admin/login/?next=/admin/ => generated 2214 bytes in 23 msecs (HTTP/1.1 200) 9 headers in 461 bytes (1 switches on core 0)
[pid: 19|app: 0|req: 9/13] 172.29.0.1 () {56 vars in 1210 bytes} [Tue May 25 07:36:35 2021] GET /admin/login/?next=/admin/ => generated 2214 bytes in 58 msecs (HTTP/1.1 200) 9 headers in 461 bytes (1 switches on core 0)
[pid: 19|app: 0|req: 10/14] 172.29.0.1 () {56 vars in 1210 bytes} [Tue May 25 07:36:41 2021] GET /admin/login/?next=/admin/ => generated 2214 bytes in 5 msecs (HTTP/1.1 200) 9 headers in 461 bytes (1 switches on core 0)
[pid: 19|app: 0|req: 11/15] 172.29.0.1 () {56 vars in 1210 bytes} [Tue May 25 07:36:41 2021] GET /admin/login/?next=/admin/ => generated 2214 bytes in 5 msecs (HTTP/1.1 200) 9 headers in 461 bytes (1 switches on core 0)
[pid: 19|app: 0|req: 12/16] 172.29.0.1 () {56 vars in 1210 bytes} [Tue May 25 07:36:42 2021] GET /admin/login/?next=/admin/ => generated 2214 bytes in 4 msecs (HTTP/1.1 200) 9 headers in 461 bytes (1 switches on core 0)
[pid: 18|app: 0|req: 5/17] 172.29.0.1 () {56 vars in 1224 bytes} [Tue May 25 07:36:59 2021] GET /admin/login/?next=/admin/ => generated 2214 bytes in 9 msecs (HTTP/1.1 200) 9 headers in 461 bytes (1 switches on core 0)
[pid: 18|app: 0|req: 6/18] 172.29.0.1 () {56 vars in 1224 bytes} [Tue May 25 07:37:07 2021] GET /admin/login/?next=/admin/ => generated 2214 bytes in 6 msecs (HTTP/1.1 200) 9 headers in 461 bytes (1 switches on core 0)
[pid: 19|app: 0|req: 13/19] 172.29.0.1 () {56 vars in 1154 bytes} [Tue May 25 07:50:01 2021] GET / => generated 179 bytes in 1 msecs (HTTP/1.1 404) 5 headers in 158 bytes (1 switches on core 0)
[pid: 18|app: 0|req: 7/20] 172.29.0.1 () {54 vars in 1142 bytes} [Tue May 25 07:50:07 2021] GET /admin/ => generated 0 bytes in 1 msecs (HTTP/1.1 302) 9 headers in 331 bytes (1 switches on core 0)
[pid: 19|app: 0|req: 14/21] 172.29.0.1 () {54 vars in 1179 bytes} [Tue May 25 07:50:07 2021] GET /admin/login/?next=/admin/ => generated 2214 bytes in 6 msecs (HTTP/1.1 200) 9 headers in 461 bytes (1 switches on core 0)
Gracefully killing worker 2 (pid: 19)...
*** Starting uWSGI 2.0.19.1 (64bit) on [Tue May 25 08:50:20 2021] ***
compiled with version: 8.3.0 on 25 May 2021 07:29:29
os: Linux-5.10.25-linuxkit #1 SMP Tue Mar 23 09:27:39 UTC 2021
nodename: 39a2ee052b7a
machine: x86_64
clock source: unix
pcre jit disabled
detected number of CPU cores: 4
current working directory: /var/www/html/myproject
writing pidfile to /tmp/myproject-master.pid
detected binary path: /usr/local/bin/uwsgi
chdir() to /var/www/html/myproject
your memory page size is 4096 bytes
detected max file descriptor number: 1048576
lock engine: pthread robust mutexes
thunder lock: disabled (you can enable it with --thunder-lock)
uwsgi socket 0 bound to TCP address 0.0.0.0:8000 fd 3
setgid() to 33
setuid() to 33
Python version: 3.8.10 (default, May 12 2021, 15:46:43)  [GCC 8.3.0]
*** Python threads support is disabled. You can enable it with --enable-threads ***
Python main interpreter initialized at 0x55fc88f069e0
your server socket listen backlog is limited to 100 connections
your mercy for graceful operations on workers is 60 seconds
mapped 403077 bytes (393 KB) for 2 cores
*** Operational MODE: preforking ***
WSGI app 0 (mountpoint='') ready in 0 seconds on interpreter 0x55fc88f069e0 pid: 15 (default app)
*** uWSGI is running in multiple interpreter mode ***
spawned uWSGI master process (pid: 15)
spawned uWSGI worker 1 (pid: 17, cores: 1)
spawned uWSGI worker 2 (pid: 18, cores: 1)
